0 info it worked if it ends with ok
1 verbose cli [ '/usr/local/Cellar/node/6.3.1/bin/node',
1 verbose cli   '/usr/local/bin/npm',
1 verbose cli   'run',
1 verbose cli   'testNode' ]
2 info using npm@3.10.3
3 info using node@v6.3.1
4 verbose run-script [ 'pretestNode', 'testNode', 'posttestNode' ]
5 info lifecycle sdk-js@1.0.0~pretestNode: sdk-js@1.0.0
6 silly lifecycle sdk-js@1.0.0~pretestNode: no script for pretestNode, continuing
7 info lifecycle sdk-js@1.0.0~testNode: sdk-js@1.0.0
8 verbose lifecycle sdk-js@1.0.0~testNode: unsafe-perm in lifecycle true
9 verbose lifecycle sdk-js@1.0.0~testNode: PATH: /usr/local/lib/node_modules/npm/bin/node-gyp-bin:/Users/mariano54/Projects/Token/sdk-js/node_modules/.bin:/usr/local/Cellar/node/6.3.1/bin:/Users/mariano54/Downloads/protoc-3.0.2-osx-x86_64/bin:/usr/local/bin:/usr/local/bin:/usr/local/sbin:/usr/local/share/npm/bin:/usr/bin:/bin:/usr/sbin:/sbin
10 verbose lifecycle sdk-js@1.0.0~testNode: CWD: /Users/mariano54/Projects/Token/sdk-js
11 silly lifecycle sdk-js@1.0.0~testNode: Args: [ '-c',
11 silly lifecycle   'node_modules/mocha-webpack/bin/mocha-webpack --webpack-config config/webpack.config.node.js "test/**/*.spec.js"' ]
12 silly lifecycle sdk-js@1.0.0~testNode: Returned: code: 1  signal: null
13 info lifecycle sdk-js@1.0.0~testNode: Failed to exec testNode script
14 verbose stack Error: sdk-js@1.0.0 testNode: `node_modules/mocha-webpack/bin/mocha-webpack --webpack-config config/webpack.config.node.js "test/**/*.spec.js"`
14 verbose stack Exit status 1
14 verbose stack     at EventEmitter.<anonymous> (/usr/local/lib/node_modules/npm/lib/utils/lifecycle.js:242:16)
14 verbose stack     at emitTwo (events.js:106:13)
14 verbose stack     at EventEmitter.emit (events.js:191:7)
14 verbose stack     at ChildProcess.<anonymous> (/usr/local/lib/node_modules/npm/lib/utils/spawn.js:40:14)
14 verbose stack     at emitTwo (events.js:106:13)
14 verbose stack     at ChildProcess.emit (events.js:191:7)
14 verbose stack     at maybeClose (internal/child_process.js:852:16)
14 verbose stack     at Process.ChildProcess._handle.onexit (internal/child_process.js:215:5)
15 verbose pkgid sdk-js@1.0.0
16 verbose cwd /Users/mariano54/Projects/Token/sdk-js
17 error Darwin 15.6.0
18 error argv "/usr/local/Cellar/node/6.3.1/bin/node" "/usr/local/bin/npm" "run" "testNode"
19 error node v6.3.1
20 error npm  v3.10.3
21 error code ELIFECYCLE
22 error sdk-js@1.0.0 testNode: `node_modules/mocha-webpack/bin/mocha-webpack --webpack-config config/webpack.config.node.js "test/**/*.spec.js"`
22 error Exit status 1
23 error Failed at the sdk-js@1.0.0 testNode script 'node_modules/mocha-webpack/bin/mocha-webpack --webpack-config config/webpack.config.node.js "test/**/*.spec.js"'.
23 error Make sure you have the latest version of node.js and npm installed.
23 error If you do, this is most likely a problem with the sdk-js package,
23 error not with npm itself.
23 error Tell the author that this fails on your system:
23 error     node_modules/mocha-webpack/bin/mocha-webpack --webpack-config config/webpack.config.node.js "test/**/*.spec.js"
23 error You can get information on how to open an issue for this project with:
23 error     npm bugs sdk-js
23 error Or if that isn't available, you can get their info via:
23 error     npm owner ls sdk-js
23 error There is likely additional logging output above.
24 verbose exit [ 1, true ]
